生成启动时间为 2020/8/19 23:33:15。
     1>项目“E:\CPulsCode\Letcode_1\Letcode_1\Letcode_1.vcxproj”在节点 2 上(Build 个目标)。
     1>ClCompile:
         D:\VS\VC\bin\CL.exe /c /ZI /nologo /W3 /WX- /sdl /Od /Oy- /D _MBCS /Gm /EHsc /RTC1 /MDd /GS /fp:precise /Zc:wchar_t /Zc:forScope /Fo"Debug\\" /Fd"Debug\vc120.pdb" /Gd /TP /analyze- /errorReport:prompt Solution.cpp main.cpp
         main.cpp
         Solution.cpp
     1>e:\cpulscode\letcode_1\letcode_1\solution.cpp(283): warning C4018: “<”: 有符号/无符号不匹配
     1>e:\cpulscode\letcode_1\letcode_1\solution.cpp(329): warning C4018: “<”: 有符号/无符号不匹配
     1>e:\cpulscode\letcode_1\letcode_1\solution.cpp(348): warning C4018: “<”: 有符号/无符号不匹配
     1>e:\cpulscode\letcode_1\letcode_1\solution.cpp(373): warning C4018: “<”: 有符号/无符号不匹配
     1>e:\cpulscode\letcode_1\letcode_1\solution.cpp(437): warning C4018: “<”: 有符号/无符号不匹配
     1>e:\cpulscode\letcode_1\letcode_1\solution.cpp(465): warning C4018: “<”: 有符号/无符号不匹配
     1>e:\cpulscode\letcode_1\letcode_1\solution.cpp(499): warning C4018: “<”: 有符号/无符号不匹配
     1>e:\cpulscode\letcode_1\letcode_1\solution.cpp(522): warning C4244: “return”: 从“__int64”转换到“int”，可能丢失数据
     1>e:\cpulscode\letcode_1\letcode_1\solution.cpp(692): warning C4018: “<”: 有符号/无符号不匹配
     1>e:\cpulscode\letcode_1\letcode_1\solution.cpp(703): warning C4018: “<”: 有符号/无符号不匹配
     1>e:\cpulscode\letcode_1\letcode_1\solution.cpp(761): warning C4018: “<”: 有符号/无符号不匹配
     1>e:\cpulscode\letcode_1\letcode_1\solution.cpp(773): warning C4018: “<”: 有符号/无符号不匹配
     1>e:\cpulscode\letcode_1\letcode_1\solution.cpp(921): warning C4018: “<”: 有符号/无符号不匹配
     1>e:\cpulscode\letcode_1\letcode_1\solution.cpp(944): warning C4018: “<”: 有符号/无符号不匹配
     1>e:\cpulscode\letcode_1\letcode_1\solution.cpp(952): warning C4018: “<”: 有符号/无符号不匹配
     1>e:\cpulscode\letcode_1\letcode_1\solution.cpp(964): warning C4018: “>”: 有符号/无符号不匹配
     1>e:\cpulscode\letcode_1\letcode_1\solution.cpp(1057): warning C4018: “<”: 有符号/无符号不匹配
     1>e:\cpulscode\letcode_1\letcode_1\solution.cpp(1107): warning C4018: “<”: 有符号/无符号不匹配
     1>e:\cpulscode\letcode_1\letcode_1\solution.cpp(1109): warning C4018: “<”: 有符号/无符号不匹配
     1>e:\cpulscode\letcode_1\letcode_1\solution.cpp(1145): warning C4018: “<”: 有符号/无符号不匹配
     1>e:\cpulscode\letcode_1\letcode_1\solution.cpp(1212): warning C4018: “<”: 有符号/无符号不匹配
     1>e:\cpulscode\letcode_1\letcode_1\solution.cpp(1244): warning C4018: “<”: 有符号/无符号不匹配
     1>e:\cpulscode\letcode_1\letcode_1\solution.cpp(1256): warning C4018: “<”: 有符号/无符号不匹配
         正在生成代码...
       Link:
         D:\VS\VC\bin\link.exe /ERRORREPORT:PROMPT /OUT:"E:\CPulsCode\Letcode_1\Debug\Letcode_1.exe" /INCREMENTAL /NOLOGO kernel32.lib user32.lib gdi32.lib winspool.lib comdlg32.lib advapi32.lib shell32.lib ole32.lib oleaut32.lib uuid.lib odbc32.lib odbccp32.lib /MANIFEST /MANIFESTUAC:"level='asInvoker' uiAccess='false'" /manifest:embed /DEBUG /PDB:"E:\CPulsCode\Letcode_1\Debug\Letcode_1.pdb" /TLBID:1 /DYNAMICBASE /NXCOMPAT /IMPLIB:"E:\CPulsCode\Letcode_1\Debug\Letcode_1.lib" /MACHINE:X86 Debug\main.obj
         Debug\Solution.obj
         Letcode_1.vcxproj -> E:\CPulsCode\Letcode_1\Debug\Letcode_1.exe
     1>已完成生成项目“E:\CPulsCode\Letcode_1\Letcode_1\Letcode_1.vcxproj”(Build 个目标)的操作。

生成成功。

已用时间 00:00:02.20
